<?xml version="1.0" encoding="UTF-8"?>
<!-- Generated by org.testng.reporters.JUnitReportReporter -->
<testsuite hostname="DESKTOP-4OHJ4EP" failures="0" tests="1" name="com.tests.TC_01" time="3.330" errors="0" timestamp="2024-10-28T23:39:43 GMT-04:00" skipped="0">
  <testcase classname="com.tests.TC_01" name="sheet1" time="3.330"/>
</testsuite> <!-- com.tests.TC_01 -->
